# JRE version: OpenJDK Runtime Environment (11.0.12+7) (build 11.0.12+7-b1504.28-7817840)
# Java VM: OpenJDK 64-Bit Server VM (11.0.12+7-b1504.28-7817840, mixed mode, tiered, compressed oops, g1 gc, windows-amd64)
Heap:
 garbage-first heap   total 286720K, used 194952K [0x0000000080000000, 0x0000000100000000)
  region size 1024K, 8 young (8192K), 6 survivors (6144K)
 Metaspace       used 120959K, capacity 124346K, committed 124632K, reserved 1157120K
  class space    used 15679K, capacity 16982K, committed 17112K, reserved 1048576K
GC Heap History (20 events):
Event: 140.452 GC heap before
{Heap before GC invocations=86 (full 1):
 garbage-first heap   total 238592K, used 188315K [0x0000000080000000, 0x0000000100000000)
  region size 1024K, 66 young (67584K), 8 survivors (8192K)
 Metaspace       used 117285K, capacity 120513K, committed 120664K, reserved 1153024K
  class space    used 15134K, capacity 16387K, committed 16472K, reserved 1048576K
}
Event: 140.463 GC heap after
{Heap after GC invocations=87 (full 1):
 garbage-first heap   total 286720K, used 133878K [0x0000000080000000, 0x0000000100000000)
  region size 1024K, 5 young (5120K), 5 survivors (5120K)
 Metaspace       used 117285K, capacity 120513K, committed 120664K, reserved 1153024K
  class space    used 15134K, capacity 16387K, committed 16472K, reserved 1048576K
}
Event: 141.413 GC heap before
{Heap before GC invocations=87 (full 1):
 garbage-first heap   total 286720K, used 212726K [0x0000000080000000, 0x0000000100000000)
  region size 1024K, 81 young (82944K), 5 survivors (5120K)
 Metaspace       used 118055K, capacity 121288K, committed 121560K, reserved 1155072K
  class space    used 15216K, capacity 16463K, committed 16600K, reserved 1048576K
}
Event: 141.424 GC heap after
{Heap after GC invocations=88 (full 1):
 garbage-first heap   total 286720K, used 139914K [0x0000000080000000, 0x0000000100000000)
  region size 1024K, 11 young (11264K), 11 survivors (11264K)
 Metaspace       used 118055K, capacity 121288K, committed 121560K, reserved 1155072K
  class space    used 15216K, capacity 16463K, committed 16600K, reserved 1048576K
}
Event: 142.468 GC heap before
{Heap before GC invocations=88 (full 1):
 garbage-first heap   total 286720K, used 222858K [0x0000000080000000, 0x0000000100000000)
  region size 1024K, 92 young (94208K), 11 survivors (11264K)
 Metaspace       used 118896K, capacity 122117K, committed 122200K, reserved 1155072K
  class space    used 15438K, capacity 16709K, committed 16728K, reserved 1048576K
}
Event: 142.475 GC heap after
{Heap after GC invocations=89 (full 1):
 garbage-first heap   total 286720K, used 143154K [0x0000000080000000, 0x0000000100000000)
  region size 1024K, 6 young (6144K), 6 survivors (6144K)
 Metaspace       used 118896K, capacity 122117K, committed 122200K, reserved 1155072K
  class space    used 15438K, capacity 16709K, committed 16728K, reserved 1048576K
}
Event: 142.940 GC heap before
{Heap before GC invocations=89 (full 1):
 garbage-first heap   total 286720K, used 228146K [0x0000000080000000, 0x0000000100000000)
  region size 1024K, 90 young (92160K), 6 survivors (6144K)
 Metaspace       used 118898K, capacity 122117K, committed 122200K, reserved 1155072K
  class space    used 15438K, capacity 16709K, committed 16728K, reserved 1048576K
}
Event: 142.945 GC heap after
{Heap after GC invocations=90 (full 1):
 garbage-first heap   total 286720K, used 147758K [0x0000000080000000, 0x0000000100000000)
  region size 1024K, 11 young (11264K), 11 survivors (11264K)
 Metaspace       used 118898K, capacity 122117K, committed 122200K, reserved 1155072K
  class space    used 15438K, capacity 16709K, committed 16728K, reserved 1048576K
}
Event: 143.305 GC heap before
{Heap before GC invocations=90 (full 1):
 garbage-first heap   total 286720K, used 230702K [0x0000000080000000, 0x0000000100000000)
  region size 1024K, 92 young (94208K), 11 survivors (11264K)
 Metaspace       used 118901K, capacity 122117K, committed 122200K, reserved 1155072K
  class space    used 15438K, capacity 16709K, committed 16728K, reserved 1048576K
}
Event: 143.313 GC heap after
{Heap after GC invocations=91 (full 1):
 garbage-first heap   total 286720K, used 153089K [0x0000000080000000, 0x0000000100000000)
  region size 1024K, 11 young (11264K), 11 survivors (11264K)
 Metaspace       used 118901K, capacity 122117K, committed 122200K, reserved 1155072K
  class space    used 15438K, capacity 16709K, committed 16728K, reserved 1048576K
}
Event: 143.625 GC heap before
{Heap before GC invocations=91 (full 1):
 garbage-first heap   total 286720K, used 233985K [0x0000000080000000, 0x0000000100000000)
  region size 1024K, 90 young (92160K), 11 survivors (11264K)
 Metaspace       used 118901K, capacity 122117K, committed 122200K, reserved 1155072K
  class space    used 15438K, capacity 16709K, committed 16728K, reserved 1048576K
}
Event: 143.630 GC heap after
{Heap after GC invocations=92 (full 1):
 garbage-first heap   total 286720K, used 159271K [0x0000000080000000, 0x0000000100000000)
  region size 1024K, 11 young (11264K), 11 survivors (11264K)
 Metaspace       used 118901K, capacity 122117K, committed 122200K, reserved 1155072K
  class space    used 15438K, capacity 16709K, committed 16728K, reserved 1048576K
}
Event: 143.951 GC heap before
{Heap before GC invocations=92 (full 1):
 garbage-first heap   total 286720K, used 236071K [0x0000000080000000, 0x0000000100000000)
  region size 1024K, 87 young (89088K), 11 survivors (11264K)
 Metaspace       used 118904K, capacity 122117K, committed 122200K, reserved 1155072K
  class space    used 15438K, capacity 16709K, committed 16728K, reserved 1048576K
}
Event: 143.955 GC heap after
{Heap after GC invocations=93 (full 1):
 garbage-first heap   total 286720K, used 164760K [0x0000000080000000, 0x0000000100000000)
  region size 1024K, 11 young (11264K), 11 survivors (11264K)
 Metaspace       used 118904K, capacity 122117K, committed 122200K, reserved 1155072K
  class space    used 15438K, capacity 16709K, committed 16728K, reserved 1048576K
}
Event: 145.010 GC heap before
{Heap before GC invocations=93 (full 1):
 garbage-first heap   total 286720K, used 237464K [0x0000000080000000, 0x0000000100000000)
  region size 1024K, 82 young (83968K), 11 survivors (11264K)
 Metaspace       used 118906K, capacity 122117K, committed 122200K, reserved 1155072K
  class space    used 15438K, capacity 16709K, committed 16728K, reserved 1048576K
}
Event: 145.014 GC heap after
{Heap after GC invocations=94 (full 1):
 garbage-first heap   total 286720K, used 170525K [0x0000000080000000, 0x0000000100000000)
  region size 1024K, 11 young (11264K), 11 survivors (11264K)
 Metaspace       used 118906K, capacity 122117K, committed 122200K, reserved 1155072K
  class space    used 15438K, capacity 16709K, committed 16728K, reserved 1048576K
}
Event: 145.693 GC heap before
{Heap before GC invocations=94 (full 1):
 garbage-first heap   total 286720K, used 240157K [0x0000000080000000, 0x0000000100000000)
  region size 1024K, 78 young (79872K), 11 survivors (11264K)
 Metaspace       used 119158K, capacity 122410K, committed 122584K, reserved 1155072K
  class space    used 15468K, capacity 16731K, committed 16856K, reserved 1048576K
}
Event: 145.698 GC heap after
{Heap after GC invocations=95 (full 1):
 garbage-first heap   total 286720K, used 163656K [0x0000000080000000, 0x0000000100000000)
  region size 1024K, 3 young (3072K), 3 survivors (3072K)
 Metaspace       used 119158K, capacity 122410K, committed 122584K, reserved 1155072K
  class space    used 15468K, capacity 16731K, committed 16856K, reserved 1048576K
}
Event: 147.269 GC heap before
{Heap before GC invocations=95 (full 1):
 garbage-first heap   total 286720K, used 241480K [0x0000000080000000, 0x0000000100000000)
  region size 1024K, 72 young (73728K), 3 survivors (3072K)
 Metaspace       used 120917K, capacity 124344K, committed 124632K, reserved 1157120K
  class space    used 15675K, capacity 16982K, committed 17112K, reserved 1048576K
}
Event: 147.278 GC heap after
{Heap after GC invocations=96 (full 1):
 garbage-first heap   total 286720K, used 175496K [0x0000000080000000, 0x0000000100000000)
  region size 1024K, 6 young (6144K), 6 survivors (6144K)
 Metaspace       used 120917K, capacity 124344K, committed 124632K, reserved 1157120K
  class space    used 15675K, capacity 16982K, committed 17112K, reserved 1048576K
}

